<?xml version="1.0" encoding="UTF-8"?>
<!-- Generated by org.testng.reporters.JUnitXMLReporter -->
<testsuite ignored="3" hostname="LAPTOP-H91286KS" failures="0" tests="4" name="Default test" time="65.204" errors="0" timestamp="28 Jul 2024 16:48:23 GMT">
  <testcase classname="testcases.LoginTest" name="TC04_LoginSuccessTest" time="13.978"/>
  <testcase classname="testcases.LoginTest" name="TC04_LoginSuccessTest" time="13.884"/>
  <testcase classname="testcases.LoginTest" name="TC04_LoginSuccessTest" time="14.821"/>
  <testcase classname="testcases.LoginTest" name="TC04_LoginSuccessTest" time="8.773"/>
  <testcase classname="testcases.LoginTest" name="TC01_LoginFailureTest" time="0.0">
    <ignored/>
  </testcase> <!-- TC01_LoginFailureTest -->
  <testcase classname="testcases.LoginTest" name="TC03_LoginSuccessTest" time="0.0">
    <ignored/>
  </testcase> <!-- TC03_LoginSuccessTest -->
  <testcase classname="testcases.LoginTest" name="TC02_LoginSuccessTest" time="0.0">
    <ignored/>
  </testcase> <!-- TC02_LoginSuccessTest -->
</testsuite> <!-- Default test -->
