<?xml version="1.0" encoding="UTF-8"?>
<!-- Generated by org.testng.reporters.JUnitXMLReporter -->
<testsuite ignored="4" hostname="LAPTOP-H91286KS" failures="0" tests="1" name="Default test" time="26.168" errors="0" timestamp="04 Aug 2024 15:14:16 GMT">
  <testcase classname="testcases.LoginTest" name="TC05_LoginFailureTest" time="17.745"/>
  <testcase classname="testcases.LoginTest" name="TC01_LoginFailureTest" time="0.0">
    <ignored/>
  </testcase> <!-- TC01_LoginFailureTest -->
  <testcase classname="testcases.LoginTest" name="TC03_LoginSuccessTest" time="0.0">
    <ignored/>
  </testcase> <!-- TC03_LoginSuccessTest -->
  <testcase classname="testcases.LoginTest" name="TC02_LoginSuccessTest" time="0.0">
    <ignored/>
  </testcase> <!-- TC02_LoginSuccessTest -->
  <testcase classname="testcases.LoginTest" name="TC04_LoginSuccessTest" time="0.0">
    <ignored/>
  </testcase> <!-- TC04_LoginSuccessTest -->
</testsuite> <!-- Default test -->
