<?xml version="1.0" encoding="UTF-8"?>
<!-- Generated by org.testng.reporters.JUnitXMLReporter -->
<testsuite ignored="0" hostname="LAPTOP-H91286KS" failures="0" tests="4" name="Test" time="55.762" errors="0" timestamp="28 Jul 2024 16:17:24 GMT">
  <testcase classname="testcases.HomePageTest" name="TC03_SomeName" time="0.014"/>
  <testcase classname="testcases.LoginTest" name="TC01_LoginFailureTest" time="18.026"/>
  <testcase classname="testcases.LoginTest" name="TC02_LoginSuccessTest" time="9.596"/>
  <testcase classname="testcases.LoginTest" name="TC03_LoginSuccessTest" time="11.412"/>
</testsuite> <!-- Test -->
