<?xml version="1.0" encoding="UTF-8"?>
<testng-results ignored="6" total="8" passed="2" failed="0" skipped="0">
  <reporter-output>
  </reporter-output>
  <suite started-at="2024-10-06T16:48:22Z" name="sanity" finished-at="2024-10-06T16:49:05Z" duration-ms="43384">
    <groups>
      <group name="sanity">
        <method signature="LoginTest.TC01_LoginFailureTest()[pri:0, instance:testcases.LoginTest@6a2b953e]" name="TC01_LoginFailureTest" class="testcases.LoginTest"/>
        <method signature="LoginTest.TC02_LoginSuccessTest()[pri:0, instance:testcases.LoginTest@6a2b953e]" name="TC02_LoginSuccessTest" class="testcases.LoginTest"/>
      </group> <!-- sanity -->
    </groups>
    <test started-at="2024-10-06T16:48:22Z" name="Test" finished-at="2024-10-06T16:49:05Z" duration-ms="43384">
      <class name="testcases.HomePageTest">
        <test-method is-config="true" signature="SetUpExcel()[pri:0, instance:testcases.HomePageTest@7b02881e]" started-at="2024-10-06T16:48:22Z" name="SetUpExcel" finished-at="2024-10-06T16:48:23Z" duration-ms="637" status="PASS">
          <reporter-output>
          </reporter-output>
        </test-method> <!-- SetUpExcel -->
        <test-method is-config="true" signature="CloseExcel()[pri:0, instance:testcases.HomePageTest@7b02881e]" started-at="2024-10-06T16:49:05Z" name="CloseExcel" finished-at="2024-10-06T16:49:05Z" duration-ms="4" status="PASS">
          <reporter-output>
          </reporter-output>
        </test-method> <!-- CloseExcel -->
      </class> <!-- testcases.HomePageTest -->
      <class name="testcases.LoginTest">
        <test-method is-config="true" signature="SetUpDriver()[pri:0, instance:testcases.LoginTest@6a2b953e]" started-at="2024-10-06T16:48:23Z" name="SetUpDriver" finished-at="2024-10-06T16:48:32Z" duration-ms="9041" status="PASS">
          <reporter-output>
          </reporter-output>
        </test-method> <!-- SetUpDriver -->
        <test-method signature="TC01_LoginFailureTest()[pri:0, instance:testcases.LoginTest@6a2b953e]" started-at="2024-10-06T16:48:32Z" name="TC01_LoginFailureTest" description="Login failure test" finished-at="2024-10-06T16:48:47Z" duration-ms="15020" status="PASS">
          <reporter-output>
          </reporter-output>
        </test-method> <!-- TC01_LoginFailureTest -->
        <test-method is-config="true" signature="TearDown()[pri:0, instance:testcases.LoginTest@6a2b953e]" started-at="2024-10-06T16:48:47Z" name="TearDown" finished-at="2024-10-06T16:48:50Z" duration-ms="3086" status="PASS">
          <reporter-output>
          </reporter-output>
        </test-method> <!-- TearDown -->
        <test-method is-config="true" signature="SetUpDriver()[pri:0, instance:testcases.LoginTest@6a2b953e]" started-at="2024-10-06T16:48:50Z" name="SetUpDriver" finished-at="2024-10-06T16:48:54Z" duration-ms="4125" status="PASS">
          <reporter-output>
          </reporter-output>
        </test-method> <!-- SetUpDriver -->
        <test-method signature="TC02_LoginSuccessTest()[pri:0, instance:testcases.LoginTest@6a2b953e]" started-at="2024-10-06T16:48:54Z" name="TC02_LoginSuccessTest" description="Login success test" finished-at="2024-10-06T16:49:05Z" duration-ms="10752" status="PASS">
          <reporter-output>
          </reporter-output>
        </test-method> <!-- TC02_LoginSuccessTest -->
        <test-method is-config="true" signature="TearDown()[pri:0, instance:testcases.LoginTest@6a2b953e]" started-at="2024-10-06T16:49:05Z" name="TearDown" finished-at="2024-10-06T16:49:05Z" duration-ms="701" status="PASS">
          <reporter-output>
          </reporter-output>
        </test-method> <!-- TearDown -->
      </class> <!-- testcases.LoginTest -->
    </test> <!-- Test -->
  </suite> <!-- sanity -->
</testng-results>
