<?xml version="1.0" encoding="UTF-8"?>
<!-- Generated by org.testng.reporters.JUnitXMLReporter -->
<testsuite ignored="5" hostname="LAPTOP-H91286KS" failures="0" tests="3" name="Test" time="29.179" errors="0" timestamp="19 Oct 2024 16:35:23 GMT">
  <testcase classname="testcases.LoginTest" name="TC02_LoginSuccessTest" time="8.252"/>
  <testcase classname="testcases.LoginTest" name="TC01_LoginFailureTest" time="11.131"/>
  <testcase classname="testcases.LoginTest" name="TC03_LoginSuccessTest" time="11.746"/>
  <testcase classname="testcases.BaseClass" name="@BeforeTest SetUpExcel" time="0.0">
    <ignored/>
  </testcase> <!-- @BeforeTest SetUpExcel -->
  <testcase classname="testcases.HomePageTest" name="TC03_SomeName" time="0.0">
    <ignored/>
  </testcase> <!-- TC03_SomeName -->
  <testcase classname="testcases.LoginTest" name="TC05_LoginFailureTest" time="0.0">
    <ignored/>
  </testcase> <!-- TC05_LoginFailureTest -->
  <testcase classname="testcases.LoginTest" name="TC04_LoginSuccessTest" time="0.0">
    <ignored/>
  </testcase> <!-- TC04_LoginSuccessTest -->
  <testcase classname="testcases.BaseClass" name="@AfterTest CloseExcel" time="0.0">
    <ignored/>
  </testcase> <!-- @AfterTest CloseExcel -->
</testsuite> <!-- Test -->
