<?xml version="1.0" encoding="UTF-8"?>
<testng-results ignored="3" total="7" passed="4" failed="0" skipped="0">
  <reporter-output>
  </reporter-output>
  <suite started-at="2024-07-28T16:47:17Z" name="Default suite" finished-at="2024-07-28T16:48:23Z" duration-ms="65204">
    <groups>
    </groups>
    <test started-at="2024-07-28T16:47:17Z" name="Default test" finished-at="2024-07-28T16:48:23Z" duration-ms="65204">
      <class name="testcases.LoginTest">
        <test-method is-config="true" signature="SetUpDriver()[pri:0, instance:testcases.LoginTest@2fd953a6]" started-at="2024-07-28T16:47:17Z" name="SetUpDriver" finished-at="2024-07-28T16:47:23Z" duration-ms="5111" status="PASS">
          <reporter-output>
          </reporter-output>
        </test-method> <!-- SetUpDriver -->
        <test-method signature="TC04_LoginSuccessTest(java.lang.String)[pri:0, instance:testcases.LoginTest@2fd953a6]" started-at="2024-07-28T16:47:23Z" name="TC04_LoginSuccessTest" data-provider="dp" finished-at="2024-07-28T16:47:37Z" duration-ms="13978" status="PASS">
          <params>
            <param index="0">
              <value>
                <![CDATA[ddd@xyz.com]]>
              </value>
            </param>
          </params>
          <reporter-output>
          </reporter-output>
        </test-method> <!-- TC04_LoginSuccessTest -->
        <test-method is-config="true" signature="TearDown()[pri:0, instance:testcases.LoginTest@2fd953a6]" started-at="2024-07-28T16:47:37Z" name="TearDown" finished-at="2024-07-28T16:47:37Z" duration-ms="247" status="PASS">
          <reporter-output>
          </reporter-output>
        </test-method> <!-- TearDown -->
        <test-method is-config="true" signature="SetUpDriver()[pri:0, instance:testcases.LoginTest@2fd953a6]" started-at="2024-07-28T16:47:37Z" name="SetUpDriver" finished-at="2024-07-28T16:47:40Z" duration-ms="2878" status="PASS">
          <reporter-output>
          </reporter-output>
        </test-method> <!-- SetUpDriver -->
        <test-method signature="TC04_LoginSuccessTest(java.lang.String)[pri:0, instance:testcases.LoginTest@2fd953a6]" started-at="2024-07-28T16:47:40Z" name="TC04_LoginSuccessTest" data-provider="dp" finished-at="2024-07-28T16:47:54Z" duration-ms="13884" status="PASS">
          <params>
            <param index="0">
              <value>
                <![CDATA[ccc@xyz.com]]>
              </value>
            </param>
          </params>
          <reporter-output>
          </reporter-output>
        </test-method> <!-- TC04_LoginSuccessTest -->
        <test-method is-config="true" signature="TearDown()[pri:0, instance:testcases.LoginTest@2fd953a6]" started-at="2024-07-28T16:47:54Z" name="TearDown" finished-at="2024-07-28T16:47:54Z" duration-ms="245" status="PASS">
          <reporter-output>
          </reporter-output>
        </test-method> <!-- TearDown -->
        <test-method is-config="true" signature="SetUpDriver()[pri:0, instance:testcases.LoginTest@2fd953a6]" started-at="2024-07-28T16:47:54Z" name="SetUpDriver" finished-at="2024-07-28T16:47:56Z" duration-ms="2230" status="PASS">
          <reporter-output>
          </reporter-output>
        </test-method> <!-- SetUpDriver -->
        <test-method signature="TC04_LoginSuccessTest(java.lang.String)[pri:0, instance:testcases.LoginTest@2fd953a6]" started-at="2024-07-28T16:47:56Z" name="TC04_LoginSuccessTest" data-provider="dp" finished-at="2024-07-28T16:48:11Z" duration-ms="14821" status="PASS">
          <params>
            <param index="0">
              <value>
                <![CDATA[aaa@xyz.com]]>
              </value>
            </param>
          </params>
          <reporter-output>
          </reporter-output>
        </test-method> <!-- TC04_LoginSuccessTest -->
        <test-method is-config="true" signature="TearDown()[pri:0, instance:testcases.LoginTest@2fd953a6]" started-at="2024-07-28T16:48:11Z" name="TearDown" finished-at="2024-07-28T16:48:11Z" duration-ms="234" status="PASS">
          <reporter-output>
          </reporter-output>
        </test-method> <!-- TearDown -->
        <test-method is-config="true" signature="SetUpDriver()[pri:0, instance:testcases.LoginTest@2fd953a6]" started-at="2024-07-28T16:48:11Z" name="SetUpDriver" finished-at="2024-07-28T16:48:14Z" duration-ms="2529" status="PASS">
          <reporter-output>
          </reporter-output>
        </test-method> <!-- SetUpDriver -->
        <test-method signature="TC04_LoginSuccessTest(java.lang.String)[pri:0, instance:testcases.LoginTest@2fd953a6]" started-at="2024-07-28T16:48:14Z" name="TC04_LoginSuccessTest" data-provider="dp" finished-at="2024-07-28T16:48:22Z" duration-ms="8773" status="PASS">
          <params>
            <param index="0">
              <value>
                <![CDATA[bbb@xyz.com]]>
              </value>
            </param>
          </params>
          <reporter-output>
          </reporter-output>
        </test-method> <!-- TC04_LoginSuccessTest -->
        <test-method is-config="true" signature="TearDown()[pri:0, instance:testcases.LoginTest@2fd953a6]" started-at="2024-07-28T16:48:22Z" name="TearDown" finished-at="2024-07-28T16:48:23Z" duration-ms="251" status="PASS">
          <reporter-output>
          </reporter-output>
        </test-method> <!-- TearDown -->
      </class> <!-- testcases.LoginTest -->
    </test> <!-- Default test -->
  </suite> <!-- Default suite -->
</testng-results>
