<?xml version="1.0" encoding="UTF-8"?>
<testng-results ignored="6" total="8" passed="2" failed="0" skipped="0">
  <reporter-output>
  </reporter-output>
  <suite started-at="2024-10-06T15:12:51Z" name="sanity" finished-at="2024-10-06T15:13:41Z" duration-ms="50135">
    <groups>
      <group name="sanity">
        <method signature="LoginTest.TC01_LoginFailureTest()[pri:0, instance:testcases.LoginTest@4d02f94e]" name="TC01_LoginFailureTest" class="testcases.LoginTest"/>
        <method signature="LoginTest.TC02_LoginSuccessTest()[pri:0, instance:testcases.LoginTest@4d02f94e]" name="TC02_LoginSuccessTest" class="testcases.LoginTest"/>
      </group> <!-- sanity -->
    </groups>
    <test started-at="2024-10-06T15:12:51Z" name="Test" finished-at="2024-10-06T15:13:41Z" duration-ms="50135">
      <class name="testcases.HomePageTest">
        <test-method is-config="true" signature="SetUpExcel()[pri:0, instance:testcases.HomePageTest@15aab8c6]" started-at="2024-10-06T15:12:51Z" name="SetUpExcel" finished-at="2024-10-06T15:12:52Z" duration-ms="682" status="PASS">
          <reporter-output>
          </reporter-output>
        </test-method> <!-- SetUpExcel -->
        <test-method is-config="true" signature="CloseExcel()[pri:0, instance:testcases.HomePageTest@15aab8c6]" started-at="2024-10-06T15:13:41Z" name="CloseExcel" finished-at="2024-10-06T15:13:41Z" duration-ms="0" status="PASS">
          <reporter-output>
          </reporter-output>
        </test-method> <!-- CloseExcel -->
      </class> <!-- testcases.HomePageTest -->
      <class name="testcases.LoginTest">
        <test-method is-config="true" signature="SetUpDriver()[pri:0, instance:testcases.LoginTest@4d02f94e]" started-at="2024-10-06T15:12:52Z" name="SetUpDriver" finished-at="2024-10-06T15:13:02Z" duration-ms="9954" status="PASS">
          <reporter-output>
          </reporter-output>
        </test-method> <!-- SetUpDriver -->
        <test-method signature="TC01_LoginFailureTest()[pri:0, instance:testcases.LoginTest@4d02f94e]" started-at="2024-10-06T15:13:02Z" name="TC01_LoginFailureTest" description="Login failure test" finished-at="2024-10-06T15:13:16Z" duration-ms="14020" status="PASS">
          <reporter-output>
          </reporter-output>
        </test-method> <!-- TC01_LoginFailureTest -->
        <test-method is-config="true" signature="TearDown()[pri:0, instance:testcases.LoginTest@4d02f94e]" started-at="2024-10-06T15:13:16Z" name="TearDown" finished-at="2024-10-06T15:13:16Z" duration-ms="338" status="PASS">
          <reporter-output>
          </reporter-output>
        </test-method> <!-- TearDown -->
        <test-method is-config="true" signature="SetUpDriver()[pri:0, instance:testcases.LoginTest@4d02f94e]" started-at="2024-10-06T15:13:16Z" name="SetUpDriver" finished-at="2024-10-06T15:13:20Z" duration-ms="4090" status="PASS">
          <reporter-output>
          </reporter-output>
        </test-method> <!-- SetUpDriver -->
        <test-method signature="TC02_LoginSuccessTest()[pri:0, instance:testcases.LoginTest@4d02f94e]" started-at="2024-10-06T15:13:20Z" name="TC02_LoginSuccessTest" description="Login success test" finished-at="2024-10-06T15:13:41Z" duration-ms="20763" status="PASS">
          <reporter-output>
          </reporter-output>
        </test-method> <!-- TC02_LoginSuccessTest -->
        <test-method is-config="true" signature="TearDown()[pri:0, instance:testcases.LoginTest@4d02f94e]" started-at="2024-10-06T15:13:41Z" name="TearDown" finished-at="2024-10-06T15:13:41Z" duration-ms="268" status="PASS">
          <reporter-output>
          </reporter-output>
        </test-method> <!-- TearDown -->
      </class> <!-- testcases.LoginTest -->
    </test> <!-- Test -->
  </suite> <!-- sanity -->
</testng-results>
