<?xml version="1.0" encoding="UTF-8"?>
<!-- Generated by org.testng.reporters.JUnitXMLReporter -->
<testsuite ignored="6" hostname="LAPTOP-H91286KS" failures="0" tests="2" name="Test" time="54.469" errors="0" timestamp="06 Oct 2024 16:21:41 GMT">
  <testcase classname="testcases.LoginTest" name="TC01_LoginFailureTest" time="19.282"/>
  <testcase classname="testcases.LoginTest" name="TC02_LoginSuccessTest" time="16.615"/>
  <testcase classname="testcases.BaseClass" name="@BeforeTest SetUpExcel" time="0.0">
    <ignored/>
  </testcase> <!-- @BeforeTest SetUpExcel -->
  <testcase classname="testcases.HomePageTest" name="TC03_SomeName" time="0.0">
    <ignored/>
  </testcase> <!-- TC03_SomeName -->
  <testcase classname="testcases.LoginTest" name="TC05_LoginFailureTest" time="0.0">
    <ignored/>
  </testcase> <!-- TC05_LoginFailureTest -->
  <testcase classname="testcases.LoginTest" name="TC03_LoginSuccessTest" time="0.0">
    <ignored/>
  </testcase> <!-- TC03_LoginSuccessTest -->
  <testcase classname="testcases.LoginTest" name="TC04_LoginSuccessTest" time="0.0">
    <ignored/>
  </testcase> <!-- TC04_LoginSuccessTest -->
  <testcase classname="testcases.BaseClass" name="@AfterTest CloseExcel" time="0.0">
    <ignored/>
  </testcase> <!-- @AfterTest CloseExcel -->
</testsuite> <!-- Test -->
